Using pre-set license
Built from '2020.2/release' branch; Version is '2020.2.1f1 (270dd8c3da1c) revision 2559448'; Using compiler version '192528614'; Build Type 'Release'
OS: 'Windows 10  (10.0.0) 64bit' Language: 'en' Physical Memory: 16257 MB
BatchMode: 1, IsHumanControllingUs: 0, StartBugReporterOnCrash: 0, Is64bit: 1, IsPro: 0

 COMMAND LINE ARGUMENTS:
C:\Program Files\Unity\Hub\Editor\2020.2.1f1\Editor\Unity.exe
-adb2
-batchMode
-noUpm
-name
AssetImportWorker0
-projectPath
C:/Users/crunc/Desktop/ClassDemonstrations/Tutorial2
-logFile
Logs/AssetImportWorker0.log
-srvPort
52204
Successfully changed project path to: C:/Users/crunc/Desktop/ClassDemonstrations/Tutorial2
C:/Users/crunc/Desktop/ClassDemonstrations/Tutorial2
Using Asset Import Pipeline V2.
Refreshing native plugins compatible for Editor in 33.35 ms, found 1 plugins.
Preloading 0 native plugins for Editor in 0.00 ms.
Initialize engine version: 2020.2.1f1 (270dd8c3da1c)
[Subsystems] Discovering subsystems at path C:/Program Files/Unity/Hub/Editor/2020.2.1f1/Editor/Data/Resources/UnitySubsystems
[Subsystems] Discovering subsystems at path C:/Users/crunc/Desktop/ClassDemonstrations/Tutorial2/Assets
GfxDevice: creating device client; threaded=0
Direct3D:
    Version:  Direct3D 11.0 [level 11.1]
    Renderer: NVIDIA GeForce GTX 1060 (ID=0x1c20)
    Vendor:   
    VRAM:     6052 MB
    Driver:   27.21.14.5148
Initialize mono
Mono path[0] = 'C:/Program Files/Unity/Hub/Editor/2020.2.1f1/Editor/Data/Managed'
Mono path[1] = 'C:/Program Files/Unity/Hub/Editor/2020.2.1f1/Editor/Data/MonoBleedingEdge/lib/mono/unityjit'
Mono config path = 'C:/Program Files/Unity/Hub/Editor/2020.2.1f1/Editor/Data/MonoBleedingEdge/etc'
Using monoOptions --debugger-agent=transport=dt_socket,embedding=1,server=y,suspend=n,address=127.0.0.1:56160
Begin MonoManager ReloadAssembly
Registering precompiled unity dll's ...
Register platform support module: C:/Program Files/Unity/Hub/Editor/2020.2.1f1/Editor/Data/PlaybackEngines/WindowsStandaloneSupport/UnityEditor.WindowsStandalone.Extensions.dll
Registered in 0.003234 seconds.
Native extension for WindowsStandalone target not found
Refreshing native plugins compatible for Editor in 32.49 ms, found 1 plugins.
Preloading 0 native plugins for Editor in 0.00 ms.
Invoked RoslynAnalysisRunner static constructor.
RoslynAnalysisRunner will not be running.
RoslynAnalysisRunner has terminated.
Mono: successfully reloaded assembly
- Completed reload, in  1.190 seconds
Platform modules already initialized, skipping
Registering precompiled user dll's ...
Registered in 0.002001 seconds.
Begin MonoManager ReloadAssembly
Native extension for WindowsStandalone target not found
Refreshing native plugins compatible for Editor in 35.21 ms, found 1 plugins.
Preloading 0 native plugins for Editor in 0.00 ms.
Invoked RoslynAnalysisRunner static constructor.
RoslynAnalysisRunner will not be running.
RoslynAnalysisRunner has terminated.
Mono: successfully reloaded assembly
- Completed reload, in  0.916 seconds
Platform modules already initialized, skipping
========================================================================
Worker process is ready to serve import requests
Launched and connected shader compiler UnityShaderCompiler.exe after 0.03 seconds
Refreshing native plugins compatible for Editor in 0.32 ms, found 1 plugins.
Preloading 0 native plugins for Editor in 0.00 ms.
Unloading 1790 Unused Serialized files (Serialized files now loaded: 0)
System memory in use before: 83.7 MB.
System memory in use after: 83.7 MB.

Unloading 24 unused Assets to reduce memory usage. Loaded Objects now: 2230.
Total: 2.117400 ms (FindLiveObjects: 0.169200 ms CreateObjectMapping: 0.070600 ms MarkObjects: 1.780400 ms  DeleteObjects: 0.096100 ms)

========================================================================
Received Import Request.
  path: Assets/Images/Idle (10).png
  artifactKey: Guid(ac117715de3cd8049a0f91e52ddf28fc) Importer(815301076,1909f56bfc062723c751e8b465ee728b)
Start importing Assets/Images/Idle (10).png using Guid(ac117715de3cd8049a0f91e52ddf28fc) Importer(815301076,1909f56bfc062723c751e8b465ee728b)  -> (artifact id: '0b4e830c52f9c89a30cfd5563c528364') in 0.182312 seconds
  Import took 0.186031 seconds .

========================================================================
Received Import Request.
  Time since last request: 0.000257 seconds.
  path: Assets/Images/Idle (9).png
  artifactKey: Guid(077586ee2953dad45a4e4c7a27c0ef19) Importer(815301076,1909f56bfc062723c751e8b465ee728b)
Start importing Assets/Images/Idle (9).png using Guid(077586ee2953dad45a4e4c7a27c0ef19) Importer(815301076,1909f56bfc062723c751e8b465ee728b)  -> (artifact id: 'a48bcbab2da727a0bcbc987a1f5b8208') in 0.014418 seconds
  Import took 0.019050 seconds .

========================================================================
Received Import Request.
  Time since last request: 0.000260 seconds.
  path: Assets/Images/Idle (8).png
  artifactKey: Guid(28475bdc02f1e4a478d723e859c1df00) Importer(815301076,1909f56bfc062723c751e8b465ee728b)
Start importing Assets/Images/Idle (8).png using Guid(28475bdc02f1e4a478d723e859c1df00) Importer(815301076,1909f56bfc062723c751e8b465ee728b)  -> (artifact id: '63f6d9b04aef16d8be518f21fb57e7c7') in 0.014001 seconds
  Import took 0.017747 seconds .

========================================================================
Received Import Request.
  Time since last request: 0.000261 seconds.
  path: Assets/Images/Idle (6).png
  artifactKey: Guid(a06e96a4eb769dc4a9ff1bc3f7c55ded) Importer(815301076,1909f56bfc062723c751e8b465ee728b)
Start importing Assets/Images/Idle (6).png using Guid(a06e96a4eb769dc4a9ff1bc3f7c55ded) Importer(815301076,1909f56bfc062723c751e8b465ee728b)  -> (artifact id: 'a190d1c607dbfab203cfea18c7db19d8') in 0.014940 seconds
  Import took 0.019862 seconds .

========================================================================
Received Import Request.
  Time since last request: 0.000219 seconds.
  path: Assets/Images/Idle (4).png
  artifactKey: Guid(87c72a87c9b77084a8439a10b1c4a581) Importer(815301076,1909f56bfc062723c751e8b465ee728b)
Start importing Assets/Images/Idle (4).png using Guid(87c72a87c9b77084a8439a10b1c4a581) Importer(815301076,1909f56bfc062723c751e8b465ee728b)  -> (artifact id: '19bfbe0bb5c2b2192c64b1b8c2f88608') in 0.010915 seconds
  Import took 0.015849 seconds .

========================================================================
Received Import Request.
  Time since last request: 0.000245 seconds.
  path: Assets/Images/Idle (2).png
  artifactKey: Guid(9142417c8bc20764e9dc87500b42f0f6) Importer(815301076,1909f56bfc062723c751e8b465ee728b)
Start importing Assets/Images/Idle (2).png using Guid(9142417c8bc20764e9dc87500b42f0f6) Importer(815301076,1909f56bfc062723c751e8b465ee728b)  -> (artifact id: '149761b3b855518e43ceb1e9703a2072') in 0.012910 seconds
  Import took 0.017031 seconds .

========================================================================
Received Import Request.
  Time since last request: 0.000235 seconds.
  path: Assets/Images/Idle (7).png
  artifactKey: Guid(4ad9ff2c91fc7734ea1bc928215b7fac) Importer(815301076,1909f56bfc062723c751e8b465ee728b)
Start importing Assets/Images/Idle (7).png using Guid(4ad9ff2c91fc7734ea1bc928215b7fac) Importer(815301076,1909f56bfc062723c751e8b465ee728b)  -> (artifact id: 'a3b4f51991e6a42e1fb4b639df2bb3ec') in 0.013491 seconds
  Import took 0.018291 seconds .

========================================================================
Received Import Request.
  Time since last request: 0.000195 seconds.
  path: Assets/Images/Idle (1).png
  artifactKey: Guid(ac851a7941f2a724099acef622bec2f2) Importer(815301076,1909f56bfc062723c751e8b465ee728b)
Start importing Assets/Images/Idle (1).png using Guid(ac851a7941f2a724099acef622bec2f2) Importer(815301076,1909f56bfc062723c751e8b465ee728b)  -> (artifact id: '138a37bdc89e79c466e5b73392acb879') in 0.013004 seconds
  Import took 0.016977 seconds .

========================================================================
Received Import Request.
  Time since last request: 0.000302 seconds.
  path: Assets/Images/Idle (5).png
  artifactKey: Guid(d8ef56db6c34d394fa01b2ecc75ef07d) Importer(815301076,1909f56bfc062723c751e8b465ee728b)
Start importing Assets/Images/Idle (5).png using Guid(d8ef56db6c34d394fa01b2ecc75ef07d) Importer(815301076,1909f56bfc062723c751e8b465ee728b)  -> (artifact id: 'a2a5f1cef7e36a02f591e4d72a5e4989') in 0.014523 seconds
  Import took 0.018205 seconds .

========================================================================
Received Import Request.
  Time since last request: 0.000262 seconds.
  path: Assets/Images/Idle (3).png
  artifactKey: Guid(c6529a974cf120b40ba9a3379d768b94) Importer(815301076,1909f56bfc062723c751e8b465ee728b)
Start importing Assets/Images/Idle (3).png using Guid(c6529a974cf120b40ba9a3379d768b94) Importer(815301076,1909f56bfc062723c751e8b465ee728b)  -> (artifact id: '8ddbbadbf21c3dd583e96f0e3c72ff4c') in 0.013739 seconds
  Import took 0.017432 seconds .

========================================================================
Received Import Request.
  Time since last request: 0.000234 seconds.
  path: Assets/Images/Idle (5).png
  artifactKey: Guid(d8ef56db6c34d394fa01b2ecc75ef07d) Importer(815301076,1909f56bfc062723c751e8b465ee728b)
Start importing Assets/Images/Idle (5).png using Guid(d8ef56db6c34d394fa01b2ecc75ef07d) Importer(815301076,1909f56bfc062723c751e8b465ee728b)  -> (artifact id: 'a2a5f1cef7e36a02f591e4d72a5e4989') in 0.013407 seconds
  Import took 0.018445 seconds .

========================================================================
Received Import Request.
  Time since last request: 8.968116 seconds.
  path: Assets/Images/Run (1).png
  artifactKey: Guid(9e3a5bad3448ed641828436c01bd4785) Importer(815301076,1909f56bfc062723c751e8b465ee728b)
Start importing Assets/Images/Run (1).png using Guid(9e3a5bad3448ed641828436c01bd4785) Importer(815301076,1909f56bfc062723c751e8b465ee728b)  -> (artifact id: 'cd43c5fd5258853e2efcf1c28b434857') in 0.010201 seconds
  Import took 0.013868 seconds .

========================================================================
Received Import Request.
  Time since last request: 0.000183 seconds.
  path: Assets/Images/Run (8).png
  artifactKey: Guid(436761f4ce180ce4eb00f9c2048b3eae) Importer(815301076,1909f56bfc062723c751e8b465ee728b)
Start importing Assets/Images/Run (8).png using Guid(436761f4ce180ce4eb00f9c2048b3eae) Importer(815301076,1909f56bfc062723c751e8b465ee728b)  -> (artifact id: '2a88cf963d48fe40a52e939bbf5891b1') in 0.009324 seconds
  Import took 0.011919 seconds .

========================================================================
Received Import Request.
  Time since last request: 0.000237 seconds.
  path: Assets/Images/Run (3).png
  artifactKey: Guid(871f8de3b7db680409be587bbb90c2b8) Importer(815301076,1909f56bfc062723c751e8b465ee728b)
Start importing Assets/Images/Run (3).png using Guid(871f8de3b7db680409be587bbb90c2b8) Importer(815301076,1909f56bfc062723c751e8b465ee728b)  -> (artifact id: 'd9ffac95203f75f578e110d6d44088c1') in 0.008623 seconds
  Import took 0.011041 seconds .

========================================================================
Received Import Request.
  Time since last request: 0.000221 seconds.
  path: Assets/Images/Run (7).png
  artifactKey: Guid(a9b13369432d2a8439a0dd9b0a10359b) Importer(815301076,1909f56bfc062723c751e8b465ee728b)
Start importing Assets/Images/Run (7).png using Guid(a9b13369432d2a8439a0dd9b0a10359b) Importer(815301076,1909f56bfc062723c751e8b465ee728b)  -> (artifact id: '5f41cf8681c0b87ca3b28a6f650ce611') in 0.008452 seconds
  Import took 0.010899 seconds .

========================================================================
Received Import Request.
  Time since last request: 0.000238 seconds.
  path: Assets/Images/Run (2).png
  artifactKey: Guid(bf8648cacda391245adea801d3565c3b) Importer(815301076,1909f56bfc062723c751e8b465ee728b)
Start importing Assets/Images/Run (2).png using Guid(bf8648cacda391245adea801d3565c3b) Importer(815301076,1909f56bfc062723c751e8b465ee728b)  -> (artifact id: '631be5dd7ae219cc16fe548300fdcad2') in 0.010012 seconds
  Import took 0.012863 seconds .

========================================================================
Received Import Request.
  Time since last request: 0.000242 seconds.
  path: Assets/Images/Run (5).png
  artifactKey: Guid(5d68c31cfc491b847a7dd1b1fb67fe83) Importer(815301076,1909f56bfc062723c751e8b465ee728b)
Start importing Assets/Images/Run (5).png using Guid(5d68c31cfc491b847a7dd1b1fb67fe83) Importer(815301076,1909f56bfc062723c751e8b465ee728b)  -> (artifact id: '8318dc4e7e1fb42b83f1ae45e672fc58') in 0.009108 seconds
  Import took 0.012091 seconds .

========================================================================
Received Import Request.
  Time since last request: 0.000319 seconds.
  path: Assets/Images/Run (4).png
  artifactKey: Guid(ad7d81c63fb81644987fc0c8b27bb9f2) Importer(815301076,1909f56bfc062723c751e8b465ee728b)
Start importing Assets/Images/Run (4).png using Guid(ad7d81c63fb81644987fc0c8b27bb9f2) Importer(815301076,1909f56bfc062723c751e8b465ee728b)  -> (artifact id: '30789a2a44738f19757692fa6e413757') in 0.008741 seconds
  Import took 0.011319 seconds .

========================================================================
Received Import Request.
  Time since last request: 0.000270 seconds.
  path: Assets/Images/Run (6).png
  artifactKey: Guid(5472de3a66de29f4fb15a4c03546ccd5) Importer(815301076,1909f56bfc062723c751e8b465ee728b)
Start importing Assets/Images/Run (6).png using Guid(5472de3a66de29f4fb15a4c03546ccd5) Importer(815301076,1909f56bfc062723c751e8b465ee728b)  -> (artifact id: '6b6939016bfefd906a48309af24c21ac') in 0.008778 seconds
  Import took 0.011281 seconds .

========================================================================
Received Import Request.
  Time since last request: 17.606067 seconds.
  path: Assets/Images/Fall (1).png
  artifactKey: Guid(51b9fb54063d2c94c805715ba6f3cfea) Importer(815301076,1909f56bfc062723c751e8b465ee728b)
Start importing Assets/Images/Fall (1).png using Guid(51b9fb54063d2c94c805715ba6f3cfea) Importer(815301076,1909f56bfc062723c751e8b465ee728b)  -> (artifact id: '3221e84003227528d057df3435b64789') in 0.013022 seconds
  Import took 0.015914 seconds .

========================================================================
Received Import Request.
  Time since last request: 0.000214 seconds.
  path: Assets/Images/Fall (6).png
  artifactKey: Guid(c9cb2b9a6bd32d045a566b5db5c55521) Importer(815301076,1909f56bfc062723c751e8b465ee728b)
Start importing Assets/Images/Fall (6).png using Guid(c9cb2b9a6bd32d045a566b5db5c55521) Importer(815301076,1909f56bfc062723c751e8b465ee728b)  -> (artifact id: 'de89c1adb8ebb13c0e2da064abbcfe01') in 0.009877 seconds
  Import took 0.012378 seconds .

========================================================================
Received Import Request.
  Time since last request: 0.000318 seconds.
  path: Assets/Images/Fall (2).png
  artifactKey: Guid(a8eeab1a3b8c6d8468317788545b5c46) Importer(815301076,1909f56bfc062723c751e8b465ee728b)
Start importing Assets/Images/Fall (2).png using Guid(a8eeab1a3b8c6d8468317788545b5c46) Importer(815301076,1909f56bfc062723c751e8b465ee728b)  -> (artifact id: '69efbb0784c517996461999e55c9f68e') in 0.008756 seconds
  Import took 0.011234 seconds .

========================================================================
Received Import Request.
  Time since last request: 0.000358 seconds.
  path: Assets/Images/Fall (4).png
  artifactKey: Guid(4b2c4bde00858a3458f1c044263a1665) Importer(815301076,1909f56bfc062723c751e8b465ee728b)
Start importing Assets/Images/Fall (4).png using Guid(4b2c4bde00858a3458f1c044263a1665) Importer(815301076,1909f56bfc062723c751e8b465ee728b)  -> (artifact id: '14984808a94faba9e53981bc973bf399') in 0.008381 seconds
  Import took 0.010882 seconds .

========================================================================
Received Import Request.
  Time since last request: 0.000308 seconds.
  path: Assets/Images/Fall (8).png
  artifactKey: Guid(c7334c23868552b4a9bf77ddf44f7b58) Importer(815301076,1909f56bfc062723c751e8b465ee728b)
Start importing Assets/Images/Fall (8).png using Guid(c7334c23868552b4a9bf77ddf44f7b58) Importer(815301076,1909f56bfc062723c751e8b465ee728b)  -> (artifact id: '57011815c11d5283f0506a922bfc8749') in 0.008768 seconds
  Import took 0.011161 seconds .

========================================================================
Received Import Request.
  Time since last request: 0.000342 seconds.
  path: Assets/Images/Fall (5).png
  artifactKey: Guid(92d119a0438569b49b13ef47d961adad) Importer(815301076,1909f56bfc062723c751e8b465ee728b)
Start importing Assets/Images/Fall (5).png using Guid(92d119a0438569b49b13ef47d961adad) Importer(815301076,1909f56bfc062723c751e8b465ee728b)  -> (artifact id: '596cae4227e3671cf9e730bc6a74fe2b') in 0.008769 seconds
  Import took 0.011307 seconds .

========================================================================
Received Import Request.
  Time since last request: 0.000271 seconds.
  path: Assets/Images/Fall (7).png
  artifactKey: Guid(109054816f5dfc3449534a6f22a7acc1) Importer(815301076,1909f56bfc062723c751e8b465ee728b)
Start importing Assets/Images/Fall (7).png using Guid(109054816f5dfc3449534a6f22a7acc1) Importer(815301076,1909f56bfc062723c751e8b465ee728b)  -> (artifact id: '02701e4194cda7f28112f1ed25228994') in 0.008603 seconds
  Import took 0.010961 seconds .

========================================================================
Received Import Request.
  Time since last request: 0.000339 seconds.
  path: Assets/Images/Fall (3).png
  artifactKey: Guid(704462b05a97b4a4f9b0c6e9ddd2bac2) Importer(815301076,1909f56bfc062723c751e8b465ee728b)
Start importing Assets/Images/Fall (3).png using Guid(704462b05a97b4a4f9b0c6e9ddd2bac2) Importer(815301076,1909f56bfc062723c751e8b465ee728b)  -> (artifact id: '02fe1b8f5c76ea683c000aab3cbb6453') in 0.009597 seconds
  Import took 0.012173 seconds .

========================================================================
Received Import Request.
  Time since last request: 15.991643 seconds.
  path: Assets/Images/Jump (1).png
  artifactKey: Guid(01fbd5f280712e247a47a8d5af2d4ebf) Importer(815301076,1909f56bfc062723c751e8b465ee728b)
Start importing Assets/Images/Jump (1).png using Guid(01fbd5f280712e247a47a8d5af2d4ebf) Importer(815301076,1909f56bfc062723c751e8b465ee728b)  -> (artifact id: 'ba56b39fe8eebc935d3b0ef8b44b40cd') in 0.012777 seconds
  Import took 0.015465 seconds .

========================================================================
Received Import Request.
  Time since last request: 0.000245 seconds.
  path: Assets/Images/Jump (2).png
  artifactKey: Guid(2c74277a5581e174a9e33291124f7c9c) Importer(815301076,1909f56bfc062723c751e8b465ee728b)
Start importing Assets/Images/Jump (2).png using Guid(2c74277a5581e174a9e33291124f7c9c) Importer(815301076,1909f56bfc062723c751e8b465ee728b)  -> (artifact id: '84e3211c84077afdadf2e8d77acff865') in 0.011024 seconds
  Import took 0.013485 seconds .

========================================================================
Received Import Request.
  Time since last request: 0.000220 seconds.
  path: Assets/Images/Jump (7).png
  artifactKey: Guid(692b109d7050f6a40bbf6a15b3c4304b) Importer(815301076,1909f56bfc062723c751e8b465ee728b)
Start importing Assets/Images/Jump (7).png using Guid(692b109d7050f6a40bbf6a15b3c4304b) Importer(815301076,1909f56bfc062723c751e8b465ee728b)  -> (artifact id: 'd075189fe973a9fcbd2037aed7aa6557') in 0.008122 seconds
  Import took 0.010588 seconds .

========================================================================
Received Import Request.
  Time since last request: 0.000337 seconds.
  path: Assets/Images/Jump (6).png
  artifactKey: Guid(e802e0b7d1cdf194e9ca3db264a16d88) Importer(815301076,1909f56bfc062723c751e8b465ee728b)
Start importing Assets/Images/Jump (6).png using Guid(e802e0b7d1cdf194e9ca3db264a16d88) Importer(815301076,1909f56bfc062723c751e8b465ee728b)  -> (artifact id: '710599a72d8c86ddf1e68a8f2287bf7e') in 0.009114 seconds
  Import took 0.011789 seconds .

========================================================================
Received Import Request.
  Time since last request: 0.000235 seconds.
  path: Assets/Images/Jump (8).png
  artifactKey: Guid(fa3e5e187d3469448808a390871d901e) Importer(815301076,1909f56bfc062723c751e8b465ee728b)
Start importing Assets/Images/Jump (8).png using Guid(fa3e5e187d3469448808a390871d901e) Importer(815301076,1909f56bfc062723c751e8b465ee728b)  -> (artifact id: '5ac32a1703d0b2761535ed4d941ce424') in 0.008779 seconds
  Import took 0.011164 seconds .

========================================================================
Received Import Request.
  Time since last request: 0.000276 seconds.
  path: Assets/Images/Jump (3).png
  artifactKey: Guid(b5021b82d0f8d07418d394521a7d126b) Importer(815301076,1909f56bfc062723c751e8b465ee728b)
Start importing Assets/Images/Jump (3).png using Guid(b5021b82d0f8d07418d394521a7d126b) Importer(815301076,1909f56bfc062723c751e8b465ee728b)  -> (artifact id: '6b093e44b6bbfe5d4d27ab26890854ae') in 0.008658 seconds
  Import took 0.011152 seconds .

========================================================================
Received Import Request.
  Time since last request: 0.000286 seconds.
  path: Assets/Images/Jump (4).png
  artifactKey: Guid(c1d0cde0ad4c7f847af217847ac55122) Importer(815301076,1909f56bfc062723c751e8b465ee728b)
Start importing Assets/Images/Jump (4).png using Guid(c1d0cde0ad4c7f847af217847ac55122) Importer(815301076,1909f56bfc062723c751e8b465ee728b)  -> (artifact id: '1eda5280bbacd95291d05515547f4594') in 0.008441 seconds
  Import took 0.010801 seconds .

========================================================================
Received Import Request.
  Time since last request: 0.000287 seconds.
  path: Assets/Images/Jump (5).png
  artifactKey: Guid(61aec50366b1d6948909b8a0a48a25d0) Importer(815301076,1909f56bfc062723c751e8b465ee728b)
Start importing Assets/Images/Jump (5).png using Guid(61aec50366b1d6948909b8a0a48a25d0) Importer(815301076,1909f56bfc062723c751e8b465ee728b)  -> (artifact id: 'c568cf5b3d7c2c3d424cf8743054bacb') in 0.008729 seconds
  Import took 0.011118 seconds .

========================================================================
Received Import Request.
  Time since last request: 81.088825 seconds.
  path: Assets/Sprites
  artifactKey: Guid(a8540f5eaaba6d54ca58fa1a6d37fe31) Importer(815301076,1909f56bfc062723c751e8b465ee728b)
Start importing Assets/Sprites using Guid(a8540f5eaaba6d54ca58fa1a6d37fe31) Importer(815301076,1909f56bfc062723c751e8b465ee728b)  -> (artifact id: '4dfc5f2329dd4d14b6c88ca4d27e2ea1') in 0.002759 seconds
  Import took 0.006100 seconds .

========================================================================
Received Prepare
Registering precompiled user dll's ...
Registered in 0.001222 seconds.
Begin MonoManager ReloadAssembly
Native extension for WindowsStandalone target not found
Refreshing native plugins compatible for Editor in 0.31 ms, found 1 plugins.
Preloading 0 native plugins for Editor in 0.00 ms.
Invoked RoslynAnalysisRunner static constructor.
RoslynAnalysisRunner will not be running.
RoslynAnalysisRunner has terminated.
Mono: successfully reloaded assembly
- Completed reload, in  0.820 seconds
Platform modules already initialized, skipping
Refreshing native plugins compatible for Editor in 0.32 ms, found 1 plugins.
Preloading 0 native plugins for Editor in 0.00 ms.
Unloading 1785 Unused Serialized files (Serialized files now loaded: 0)
System memory in use before: 86.8 MB.
System memory in use after: 86.8 MB.

Unloading 12 unused Assets to reduce memory usage. Loaded Objects now: 2239.
Total: 2.082600 ms (FindLiveObjects: 0.244400 ms CreateObjectMapping: 0.103000 ms MarkObjects: 1.649600 ms  DeleteObjects: 0.084400 ms)

========================================================================
Received Prepare
Registering precompiled user dll's ...
Registered in 0.001188 seconds.
Begin MonoManager ReloadAssembly
Native extension for WindowsStandalone target not found
Refreshing native plugins compatible for Editor in 0.85 ms, found 1 plugins.
Preloading 0 native plugins for Editor in 0.00 ms.
Invoked RoslynAnalysisRunner static constructor.
RoslynAnalysisRunner will not be running.
RoslynAnalysisRunner has terminated.
Mono: successfully reloaded assembly
- Completed reload, in  0.880 seconds
Platform modules already initialized, skipping
Refreshing native plugins compatible for Editor in 0.34 ms, found 1 plugins.
Preloading 0 native plugins for Editor in 0.00 ms.
Unloading 1785 Unused Serialized files (Serialized files now loaded: 0)
System memory in use before: 86.9 MB.
System memory in use after: 86.9 MB.

Unloading 12 unused Assets to reduce memory usage. Loaded Objects now: 2242.
Total: 1.986300 ms (FindLiveObjects: 0.186300 ms CreateObjectMapping: 0.068000 ms MarkObjects: 1.643400 ms  DeleteObjects: 0.087500 ms)

========================================================================
Received Prepare
Registering precompiled user dll's ...
Registered in 0.001257 seconds.
Begin MonoManager ReloadAssembly
Native extension for WindowsStandalone target not found
Refreshing native plugins compatible for Editor in 0.31 ms, found 1 plugins.
Preloading 0 native plugins for Editor in 0.00 ms.
Invoked RoslynAnalysisRunner static constructor.
RoslynAnalysisRunner will not be running.
RoslynAnalysisRunner has terminated.
Mono: successfully reloaded assembly
- Completed reload, in  0.789 seconds
Platform modules already initialized, skipping
Refreshing native plugins compatible for Editor in 0.31 ms, found 1 plugins.
Preloading 0 native plugins for Editor in 0.00 ms.
Unloading 1785 Unused Serialized files (Serialized files now loaded: 0)
System memory in use before: 87.0 MB.
System memory in use after: 87.0 MB.

Unloading 12 unused Assets to reduce memory usage. Loaded Objects now: 2245.
Total: 2.022000 ms (FindLiveObjects: 0.163900 ms CreateObjectMapping: 0.053200 ms MarkObjects: 1.714200 ms  DeleteObjects: 0.089900 ms)

========================================================================
Received Prepare
Registering precompiled user dll's ...
Registered in 0.001179 seconds.
Begin MonoManager ReloadAssembly
Native extension for WindowsStandalone target not found
Refreshing native plugins compatible for Editor in 0.32 ms, found 1 plugins.
Preloading 0 native plugins for Editor in 0.00 ms.
Invoked RoslynAnalysisRunner static constructor.
RoslynAnalysisRunner will not be running.
RoslynAnalysisRunner has terminated.
Mono: successfully reloaded assembly
- Completed reload, in  0.840 seconds
Platform modules already initialized, skipping
Refreshing native plugins compatible for Editor in 0.35 ms, found 1 plugins.
Preloading 0 native plugins for Editor in 0.00 ms.
Unloading 1785 Unused Serialized files (Serialized files now loaded: 0)
System memory in use before: 87.1 MB.
System memory in use after: 87.1 MB.

Unloading 12 unused Assets to reduce memory usage. Loaded Objects now: 2248.
Total: 2.422500 ms (FindLiveObjects: 0.282900 ms CreateObjectMapping: 0.094600 ms MarkObjects: 1.948400 ms  DeleteObjects: 0.095200 ms)

========================================================================
Received Prepare
Registering precompiled user dll's ...
Registered in 0.001275 seconds.
Begin MonoManager ReloadAssembly
Native extension for WindowsStandalone target not found
Refreshing native plugins compatible for Editor in 0.50 ms, found 1 plugins.
Preloading 0 native plugins for Editor in 0.00 ms.
Invoked RoslynAnalysisRunner static constructor.
RoslynAnalysisRunner will not be running.
RoslynAnalysisRunner has terminated.
Mono: successfully reloaded assembly
- Completed reload, in  0.821 seconds
Platform modules already initialized, skipping
Refreshing native plugins compatible for Editor in 0.32 ms, found 1 plugins.
Preloading 0 native plugins for Editor in 0.00 ms.
Unloading 1785 Unused Serialized files (Serialized files now loaded: 0)
System memory in use before: 87.1 MB.
System memory in use after: 87.1 MB.

Unloading 12 unused Assets to reduce memory usage. Loaded Objects now: 2251.
Total: 2.202800 ms (FindLiveObjects: 0.168500 ms CreateObjectMapping: 0.063100 ms MarkObjects: 1.877500 ms  DeleteObjects: 0.092600 ms)

========================================================================
Received Prepare
Registering precompiled user dll's ...
Registered in 0.001121 seconds.
Begin MonoManager ReloadAssembly
Native extension for WindowsStandalone target not found
Refreshing native plugins compatible for Editor in 0.48 ms, found 1 plugins.
Preloading 0 native plugins for Editor in 0.00 ms.
Invoked RoslynAnalysisRunner static constructor.
RoslynAnalysisRunner will not be running.
RoslynAnalysisRunner has terminated.
Mono: successfully reloaded assembly
- Completed reload, in  0.806 seconds
Platform modules already initialized, skipping
Refreshing native plugins compatible for Editor in 0.31 ms, found 1 plugins.
Preloading 0 native plugins for Editor in 0.00 ms.
Unloading 1785 Unused Serialized files (Serialized files now loaded: 0)
System memory in use before: 87.2 MB.
System memory in use after: 87.2 MB.

Unloading 12 unused Assets to reduce memory usage. Loaded Objects now: 2254.
Total: 2.274400 ms (FindLiveObjects: 0.241800 ms CreateObjectMapping: 0.094800 ms MarkObjects: 1.847000 ms  DeleteObjects: 0.089900 ms)

========================================================================
Received Import Request.
  Time since last request: 831.186666 seconds.
  path: Assets/Sprites/Idle (1).controller
  artifactKey: Guid(6d81259ca1138164c8f5bceb5aa0f3a4) Importer(815301076,1909f56bfc062723c751e8b465ee728b)
Start importing Assets/Sprites/Idle (1).controller using Guid(6d81259ca1138164c8f5bceb5aa0f3a4) Importer(815301076,1909f56bfc062723c751e8b465ee728b)  -> (artifact id: '2bc8f103a581a15540d11f60c3c2ab64') in 0.017868 seconds
  Import took 0.021057 seconds .

========================================================================
Received Import Request.
  Time since last request: 36.443942 seconds.
  path: Assets/Sprites/Idle (1).controller
  artifactKey: Guid(6d81259ca1138164c8f5bceb5aa0f3a4) Importer(815301076,1909f56bfc062723c751e8b465ee728b)
Start importing Assets/Sprites/Idle (1).controller using Guid(6d81259ca1138164c8f5bceb5aa0f3a4) Importer(815301076,1909f56bfc062723c751e8b465ee728b)  -> (artifact id: '07eaa51d3718f19e2baf60c36e450929') in 0.003543 seconds
  Import took 0.006705 seconds .

========================================================================
Received Import Request.
  Time since last request: 1.383425 seconds.
  path: Assets/Sprites/Idle (1).controller
  artifactKey: Guid(6d81259ca1138164c8f5bceb5aa0f3a4) Importer(815301076,1909f56bfc062723c751e8b465ee728b)
Start importing Assets/Sprites/Idle (1).controller using Guid(6d81259ca1138164c8f5bceb5aa0f3a4) Importer(815301076,1909f56bfc062723c751e8b465ee728b)  -> (artifact id: '21ea726d6e8d56811ea572df87cc04dc') in 0.004600 seconds
  Import took 0.007341 seconds .

========================================================================
Received Prepare
Registering precompiled user dll's ...
Registered in 0.001339 seconds.
Begin MonoManager ReloadAssembly
Native extension for WindowsStandalone target not found
Refreshing native plugins compatible for Editor in 0.33 ms, found 1 plugins.
Preloading 0 native plugins for Editor in 0.00 ms.
Invoked RoslynAnalysisRunner static constructor.
RoslynAnalysisRunner will not be running.
RoslynAnalysisRunner has terminated.
Mono: successfully reloaded assembly
- Completed reload, in  0.830 seconds
Platform modules already initialized, skipping
Refreshing native plugins compatible for Editor in 0.31 ms, found 1 plugins.
Preloading 0 native plugins for Editor in 0.00 ms.
Unloading 1785 Unused Serialized files (Serialized files now loaded: 0)
System memory in use before: 87.3 MB.
System memory in use after: 87.3 MB.

Unloading 12 unused Assets to reduce memory usage. Loaded Objects now: 2257.
Total: 1.961200 ms (FindLiveObjects: 0.183200 ms CreateObjectMapping: 0.055800 ms MarkObjects: 1.630900 ms  DeleteObjects: 0.090200 ms)

========================================================================
Received Import Request.
  Time since last request: 541.680833 seconds.
  path: Assets/Scripts/PlayerScript.cs
  artifactKey: Guid(8094e96f2ba715b44bd8735a42b1a7ae) Importer(815301076,1909f56bfc062723c751e8b465ee728b)
Start importing Assets/Scripts/PlayerScript.cs using Guid(8094e96f2ba715b44bd8735a42b1a7ae) Importer(815301076,1909f56bfc062723c751e8b465ee728b)  -> (artifact id: 'b1757f408f3f69bbce806a4cdeae3a9b') in 0.009529 seconds
  Import took 0.012182 seconds .

========================================================================
Received Import Request.
  Time since last request: 0.022174 seconds.
  path: Assets/Scripts/PlayerScript.cs
  artifactKey: Guid(8094e96f2ba715b44bd8735a42b1a7ae) Importer(815301076,1909f56bfc062723c751e8b465ee728b)
Start importing Assets/Scripts/PlayerScript.cs using Guid(8094e96f2ba715b44bd8735a42b1a7ae) Importer(815301076,1909f56bfc062723c751e8b465ee728b)  -> (artifact id: 'b1757f408f3f69bbce806a4cdeae3a9b') in 0.002346 seconds
  Import took 0.004991 seconds .

========================================================================
Received Prepare
Registering precompiled user dll's ...
Registered in 0.001375 seconds.
Begin MonoManager ReloadAssembly
Native extension for WindowsStandalone target not found
Refreshing native plugins compatible for Editor in 0.34 ms, found 1 plugins.
Preloading 0 native plugins for Editor in 0.00 ms.
Invoked RoslynAnalysisRunner static constructor.
RoslynAnalysisRunner will not be running.
RoslynAnalysisRunner has terminated.
Mono: successfully reloaded assembly
- Completed reload, in  0.812 seconds
Platform modules already initialized, skipping
Refreshing native plugins compatible for Editor in 0.56 ms, found 1 plugins.
Preloading 0 native plugins for Editor in 0.00 ms.
Unloading 1785 Unused Serialized files (Serialized files now loaded: 0)
System memory in use before: 87.3 MB.
System memory in use after: 87.3 MB.

Unloading 12 unused Assets to reduce memory usage. Loaded Objects now: 2260.
Total: 2.254900 ms (FindLiveObjects: 0.346400 ms CreateObjectMapping: 0.166000 ms MarkObjects: 1.648500 ms  DeleteObjects: 0.092600 ms)

========================================================================
Received Import Request.
  Time since last request: 562.552949 seconds.
  path: Assets/Scripts/PlayerScript.cs
  artifactKey: Guid(8094e96f2ba715b44bd8735a42b1a7ae) Importer(815301076,1909f56bfc062723c751e8b465ee728b)
Start importing Assets/Scripts/PlayerScript.cs using Guid(8094e96f2ba715b44bd8735a42b1a7ae) Importer(815301076,1909f56bfc062723c751e8b465ee728b)  -> (artifact id: 'f3aad73921f56e251426292242561c4d') in 0.004488 seconds
  Import took 0.007325 seconds .

========================================================================
Received Prepare
Registering precompiled user dll's ...
Registered in 0.001269 seconds.
Begin MonoManager ReloadAssembly
Native extension for WindowsStandalone target not found
Refreshing native plugins compatible for Editor in 0.36 ms, found 1 plugins.
Preloading 0 native plugins for Editor in 0.00 ms.
Invoked RoslynAnalysisRunner static constructor.
RoslynAnalysisRunner will not be running.
RoslynAnalysisRunner has terminated.
Mono: successfully reloaded assembly
- Completed reload, in  0.858 seconds
Platform modules already initialized, skipping
Refreshing native plugins compatible for Editor in 0.32 ms, found 1 plugins.
Preloading 0 native plugins for Editor in 0.00 ms.
Unloading 1785 Unused Serialized files (Serialized files now loaded: 0)
System memory in use before: 87.4 MB.
System memory in use after: 87.4 MB.

Unloading 12 unused Assets to reduce memory usage. Loaded Objects now: 2263.
Total: 1.917600 ms (FindLiveObjects: 0.162100 ms CreateObjectMapping: 0.056000 ms MarkObjects: 1.616900 ms  DeleteObjects: 0.081700 ms)

========================================================================
Received Prepare
Registering precompiled user dll's ...
Registered in 0.001241 seconds.
Begin MonoManager ReloadAssembly
Native extension for WindowsStandalone target not found
Refreshing native plugins compatible for Editor in 0.31 ms, found 1 plugins.
Preloading 0 native plugins for Editor in 0.00 ms.
Invoked RoslynAnalysisRunner static constructor.
RoslynAnalysisRunner will not be running.
RoslynAnalysisRunner has terminated.
Mono: successfully reloaded assembly
- Completed reload, in  0.844 seconds
Platform modules already initialized, skipping
Refreshing native plugins compatible for Editor in 0.31 ms, found 1 plugins.
Preloading 0 native plugins for Editor in 0.00 ms.
Unloading 1785 Unused Serialized files (Serialized files now loaded: 0)
System memory in use before: 87.5 MB.
System memory in use after: 87.5 MB.

Unloading 12 unused Assets to reduce memory usage. Loaded Objects now: 2266.
Total: 2.087300 ms (FindLiveObjects: 0.161500 ms CreateObjectMapping: 0.062700 ms MarkObjects: 1.775400 ms  DeleteObjects: 0.087000 ms)

========================================================================
Received Prepare
Registering precompiled user dll's ...
Registered in 0.001265 seconds.
Begin MonoManager ReloadAssembly
Native extension for WindowsStandalone target not found
Refreshing native plugins compatible for Editor in 0.32 ms, found 1 plugins.
Preloading 0 native plugins for Editor in 0.00 ms.
Invoked RoslynAnalysisRunner static constructor.
RoslynAnalysisRunner will not be running.
RoslynAnalysisRunner has terminated.
Mono: successfully reloaded assembly
- Completed reload, in  0.820 seconds
Platform modules already initialized, skipping
Refreshing native plugins compatible for Editor in 0.31 ms, found 1 plugins.
Preloading 0 native plugins for Editor in 0.00 ms.
Unloading 1785 Unused Serialized files (Serialized files now loaded: 0)
System memory in use before: 87.5 MB.
System memory in use after: 87.5 MB.

Unloading 12 unused Assets to reduce memory usage. Loaded Objects now: 2269.
Total: 2.252100 ms (FindLiveObjects: 0.264200 ms CreateObjectMapping: 0.096700 ms MarkObjects: 1.800800 ms  DeleteObjects: 0.089400 ms)

========================================================================
Received Prepare
Registering precompiled user dll's ...
Registered in 0.001333 seconds.
Begin MonoManager ReloadAssembly
Native extension for WindowsStandalone target not found
Refreshing native plugins compatible for Editor in 0.34 ms, found 1 plugins.
Preloading 0 native plugins for Editor in 0.00 ms.
Invoked RoslynAnalysisRunner static constructor.
RoslynAnalysisRunner will not be running.
RoslynAnalysisRunner has terminated.
Mono: successfully reloaded assembly
- Completed reload, in  0.813 seconds
Platform modules already initialized, skipping
Refreshing native plugins compatible for Editor in 0.31 ms, found 1 plugins.
Preloading 0 native plugins for Editor in 0.00 ms.
Unloading 1785 Unused Serialized files (Serialized files now loaded: 0)
System memory in use before: 87.6 MB.
System memory in use after: 87.6 MB.

Unloading 12 unused Assets to reduce memory usage. Loaded Objects now: 2272.
Total: 2.177500 ms (FindLiveObjects: 0.168100 ms CreateObjectMapping: 0.064300 ms MarkObjects: 1.857000 ms  DeleteObjects: 0.087200 ms)

AssetImportWorkerClient::OnTransportError - code=2 error=End of file
